<?xml version="1.0" encoding="UTF-8"?>
<!-- Generated by org.testng.reporters.JUnitReportReporter -->
<testsuite hostname="Prashant-PC" name="com.datePicker.DateTimePicker" tests="1" failures="0" timestamp="22 Mar 2018 12:55:22 GMT" time="22.039" errors="0">
  <testcase name="dateTimePicker" time="22.039" classname="com.datePicker.DateTimePicker"/>
</testsuite> <!-- com.datePicker.DateTimePicker -->
